[debug] [2019-11-27T06:15:39.988Z] ----------------------------------------------------------------------
[debug] [2019-11-27T06:15:39.993Z] Command:       C:\Program Files\nodejs\node.exe C:\Users\vmattapalli\AppData\Roaming\npm\node_modules\firebase-tools\lib\bin\firebase.js init
[debug] [2019-11-27T06:15:39.994Z] CLI Version:   7.6.2
[debug] [2019-11-27T06:15:39.994Z] Platform:      win32
[debug] [2019-11-27T06:15:39.994Z] Node Version:  v10.16.3
[debug] [2019-11-27T06:15:40.008Z] Time:          Wed Nov 27 2019 11:45:39 GMT+0530 (India Standard Time)
[debug] [2019-11-27T06:15:40.008Z] ----------------------------------------------------------------------
[debug] [2019-11-27T06:15:40.008Z] 
[debug] [2019-11-27T06:15:40.026Z] > command requires scopes: ["email","openid","https://www.googleapis.com/auth/cloudplatformprojects.readonly","https://www.googleapis.com/auth/firebase","https://www.googleapis.com/auth/cloud-platform"]
[debug] [2019-11-27T06:15:40.029Z] > authorizing via signed-in user
[info] 
     ######## #### ########  ######## ########     ###     ######  ########
     ##        ##  ##     ## ##       ##     ##  ##   ##  ##       ##
     ######    ##  ########  ######   ########  #########  ######  ######
     ##        ##  ##    ##  ##       ##     ## ##     ##       ## ##
     ##       #### ##     ## ######## ########  ##     ##  ######  ########

You're about to initialize a Firebase project in this directory:

  C:\Users\vmattapalli\Documents\GitHub\V-DefynBotUI

Before we get started, keep in mind:

  * You are initializing in an existing Firebase project directory

[info] 
=== Project Setup
[info] 
[info] First, let's associate this project directory with a Firebase project.
[info] You can create multiple project aliases by running firebase use --add, 
[info] but for now we'll just set up a default project.
[info] 
[info] i  .firebaserc already has a default project, using conceirge.
[debug] [2019-11-27T06:15:45.194Z] > refreshing access token with scopes: ["email","https://www.googleapis.com/auth/cloud-platform","https://www.googleapis.com/auth/cloudplatformprojects.readonly","https://www.googleapis.com/auth/firebase","openid"]
[debug] [2019-11-27T06:15:45.194Z] >>> HTTP REQUEST POST https://www.googleapis.com/oauth2/v3/token  
 <request body omitted>
[debug] [2019-11-27T06:15:45.544Z] <<< HTTP RESPONSE 200
[debug] [2019-11-27T06:15:45.560Z] >>> HTTP REQUEST GET https://firebase.googleapis.com/v1beta1/projects/conceirge  
 
[debug] [2019-11-27T06:15:49.315Z] <<< HTTP RESPONSE 200
[info] 
=== Hosting Setup
[info] 
[info] Your public directory is the folder (relative to your project directory) that
[info] will contain Hosting assets to be uploaded with firebase deploy. If you
[info] have a build process for your assets, use your build's output directory.
[info] 
